  main.cpp
E:\firstgame\firstgame\main.cpp(65,22): warning C4834: 放弃具有 [[nodiscard]] 属性的函数的返回值
E:\firstgame\firstgame\main.cpp(322,14): warning C4244: “=”: 从“int”转换到“T”，可能丢失数据
E:\firstgame\firstgame\main.cpp(322,14): warning C4244:         with
E:\firstgame\firstgame\main.cpp(322,14): warning C4244:         [
E:\firstgame\firstgame\main.cpp(322,14): warning C4244:             T=float
E:\firstgame\firstgame\main.cpp(322,14): warning C4244:         ]
E:\firstgame\firstgame\main.cpp(322,27): warning C4244: “=”: 从“int”转换到“T”，可能丢失数据
E:\firstgame\firstgame\main.cpp(322,27): warning C4244:         with
E:\firstgame\firstgame\main.cpp(322,27): warning C4244:         [
E:\firstgame\firstgame\main.cpp(322,27): warning C4244:             T=float
E:\firstgame\firstgame\main.cpp(322,27): warning C4244:         ]
E:\firstgame\firstgame\main.cpp(362,14): warning C4244: “=”: 从“int”转换到“T”，可能丢失数据
E:\firstgame\firstgame\main.cpp(362,14): warning C4244:         with
E:\firstgame\firstgame\main.cpp(362,14): warning C4244:         [
E:\firstgame\firstgame\main.cpp(362,14): warning C4244:             T=float
E:\firstgame\firstgame\main.cpp(362,14): warning C4244:         ]
E:\firstgame\firstgame\main.cpp(362,27): warning C4244: “=”: 从“int”转换到“T”，可能丢失数据
E:\firstgame\firstgame\main.cpp(362,27): warning C4244:         with
E:\firstgame\firstgame\main.cpp(362,27): warning C4244:         [
E:\firstgame\firstgame\main.cpp(362,27): warning C4244:             T=float
E:\firstgame\firstgame\main.cpp(362,27): warning C4244:         ]
E:\firstgame\firstgame\main.cpp(386,42): warning C4244: “-=”: 从“double”转换到“T”，可能丢失数据
E:\firstgame\firstgame\main.cpp(386,42): warning C4244:         with
E:\firstgame\firstgame\main.cpp(386,42): warning C4244:         [
E:\firstgame\firstgame\main.cpp(386,42): warning C4244:             T=float
E:\firstgame\firstgame\main.cpp(386,42): warning C4244:         ]
E:\firstgame\firstgame\main.cpp(387,42): warning C4244: “-=”: 从“double”转换到“T”，可能丢失数据
E:\firstgame\firstgame\main.cpp(387,42): warning C4244:         with
E:\firstgame\firstgame\main.cpp(387,42): warning C4244:         [
E:\firstgame\firstgame\main.cpp(387,42): warning C4244:             T=float
E:\firstgame\firstgame\main.cpp(387,42): warning C4244:         ]
E:\firstgame\firstgame\main.cpp(399,15): warning C4244: “参数”: 从“time_t”转换到“unsigned int”，可能丢失数据
E:\firstgame\firstgame\main.cpp(408,21): warning C4834: 放弃具有 [[nodiscard]] 属性的函数的返回值
E:\firstgame\firstgame\main.cpp(422,28): warning C4244: “初始化”: 从“int64_t”转换到“int”，可能丢失数据
  正在生成代码
  1 of 430 functions ( 0.2%) were compiled, the rest were copied from previous compilation.
    0 functions were new in current compilation
    0 functions had inline decision re-evaluated but remain unchanged
  已完成代码的生成
  firstgame.vcxproj -> E:\firstgame\x64\Release\firstgame.exe
